[2021-07-01 21:25:23] [INFO]    [OmnipathR] Initialized cache: `/Users/jessie/Library/Caches/OmnipathR`.
[2021-07-01 21:25:23] [INFO]    [OmnipathR] Welcome to OmnipathR!
[2021-07-01 21:25:23] [INFO]    [OmnipathR] Cache record does not exist: `https://omnipathdb.org/interactions?genesymbols=yes&datasets=ligrecextra&organisms=10090&fields=sources,references,curation_effort&license=academic`
[2021-07-01 21:25:23] [INFO]    [OmnipathR] Retrieving URL: `https://omnipathdb.org/interactions?genesymbols=yes&datasets=ligrecextra&organisms=10090&fields=sources,references,curation_effort&license=academic`
[2021-07-01 21:25:23] [TRACE]   [OmnipathR] Attempt 1/3: `https://omnipathdb.org/interactions?genesymbols=yes&datasets=ligrecextra&organisms=10090&fields=sources,references,curation_effort&license=academic`
[2021-07-01 21:25:26] [INFO]    [OmnipathR] Cache item `02b93065ec28f8a0f5bdb349cf64ed6ba8cfa4d4` version 1: status changed from `unknown` to `started`.
[2021-07-01 21:25:26] [TRACE]   [OmnipathR] Exporting object to RDS: `/Users/jessie/Library/Caches/OmnipathR/02b93065ec28f8a0f5bdb349cf64ed6ba8cfa4d4-1.rds`.
[2021-07-01 21:25:26] [TRACE]   [OmnipathR] Exported RDS to `/Users/jessie/Library/Caches/OmnipathR/02b93065ec28f8a0f5bdb349cf64ed6ba8cfa4d4-1.rds`.
[2021-07-01 21:25:26] [INFO]    [OmnipathR] Download ready [key=02b93065ec28f8a0f5bdb349cf64ed6ba8cfa4d4, version=1]
[2021-07-01 21:25:26] [INFO]    [OmnipathR] Cache item `02b93065ec28f8a0f5bdb349cf64ed6ba8cfa4d4` version 1: status changed from `started` to `ready`.
[2021-07-01 21:25:26] [SUCCESS] [OmnipathR] Downloaded 4051 interactions.
[2021-07-01 21:25:36] [TRACE]   [OmnipathR] Loaded data from RDS `/Users/jessie/Library/Caches/OmnipathR/02b93065ec28f8a0f5bdb349cf64ed6ba8cfa4d4-1.rds`.
[2021-07-01 21:25:36] [INFO]    [OmnipathR] Loaded from cache: `https://omnipathdb.org/interactions?genesymbols=yes&datasets=ligrecextra&organisms=10090&fields=sources,references,curation_effort&license=academic`
[2021-07-01 21:25:36] [SUCCESS] [OmnipathR] Loaded 4051 interactions from cache.
[2021-07-01 21:25:42] [TRACE]   [OmnipathR] Loaded data from RDS `/Users/jessie/Library/Caches/OmnipathR/02b93065ec28f8a0f5bdb349cf64ed6ba8cfa4d4-1.rds`.
[2021-07-01 21:25:42] [INFO]    [OmnipathR] Loaded from cache: `https://omnipathdb.org/interactions?genesymbols=yes&datasets=ligrecextra&organisms=10090&fields=sources,references,curation_effort&license=academic`
[2021-07-01 21:25:42] [SUCCESS] [OmnipathR] Loaded 4051 interactions from cache.
[2021-07-01 21:25:47] [TRACE]   [OmnipathR] Loaded data from RDS `/Users/jessie/Library/Caches/OmnipathR/02b93065ec28f8a0f5bdb349cf64ed6ba8cfa4d4-1.rds`.
[2021-07-01 21:25:47] [INFO]    [OmnipathR] Loaded from cache: `https://omnipathdb.org/interactions?genesymbols=yes&datasets=ligrecextra&organisms=10090&fields=sources,references,curation_effort&license=academic`
[2021-07-01 21:25:47] [SUCCESS] [OmnipathR] Loaded 4051 interactions from cache.
[2021-07-01 21:25:54] [TRACE]   [OmnipathR] Loaded data from RDS `/Users/jessie/Library/Caches/OmnipathR/02b93065ec28f8a0f5bdb349cf64ed6ba8cfa4d4-1.rds`.
[2021-07-01 21:25:54] [INFO]    [OmnipathR] Loaded from cache: `https://omnipathdb.org/interactions?genesymbols=yes&datasets=ligrecextra&organisms=10090&fields=sources,references,curation_effort&license=academic`
[2021-07-01 21:25:54] [SUCCESS] [OmnipathR] Loaded 4051 interactions from cache.
[2021-07-01 21:26:02] [TRACE]   [OmnipathR] Loaded data from RDS `/Users/jessie/Library/Caches/OmnipathR/02b93065ec28f8a0f5bdb349cf64ed6ba8cfa4d4-1.rds`.
[2021-07-01 21:26:02] [INFO]    [OmnipathR] Loaded from cache: `https://omnipathdb.org/interactions?genesymbols=yes&datasets=ligrecextra&organisms=10090&fields=sources,references,curation_effort&license=academic`
[2021-07-01 21:26:02] [SUCCESS] [OmnipathR] Loaded 4051 interactions from cache.
[2021-07-01 21:58:28] [TRACE]   [OmnipathR] Loaded data from RDS `/Users/jessie/Library/Caches/OmnipathR/02b93065ec28f8a0f5bdb349cf64ed6ba8cfa4d4-1.rds`.
[2021-07-01 21:58:28] [INFO]    [OmnipathR] Loaded from cache: `https://omnipathdb.org/interactions?genesymbols=yes&datasets=ligrecextra&organisms=10090&fields=sources,references,curation_effort&license=academic`
[2021-07-01 21:58:28] [SUCCESS] [OmnipathR] Loaded 4051 interactions from cache.
[2021-07-01 21:58:37] [TRACE]   [OmnipathR] Loaded data from RDS `/Users/jessie/Library/Caches/OmnipathR/02b93065ec28f8a0f5bdb349cf64ed6ba8cfa4d4-1.rds`.
[2021-07-01 21:58:37] [INFO]    [OmnipathR] Loaded from cache: `https://omnipathdb.org/interactions?genesymbols=yes&datasets=ligrecextra&organisms=10090&fields=sources,references,curation_effort&license=academic`
[2021-07-01 21:58:37] [SUCCESS] [OmnipathR] Loaded 4051 interactions from cache.
[2021-07-01 21:58:43] [TRACE]   [OmnipathR] Loaded data from RDS `/Users/jessie/Library/Caches/OmnipathR/02b93065ec28f8a0f5bdb349cf64ed6ba8cfa4d4-1.rds`.
[2021-07-01 21:58:43] [INFO]    [OmnipathR] Loaded from cache: `https://omnipathdb.org/interactions?genesymbols=yes&datasets=ligrecextra&organisms=10090&fields=sources,references,curation_effort&license=academic`
[2021-07-01 21:58:43] [SUCCESS] [OmnipathR] Loaded 4051 interactions from cache.
[2021-07-01 21:58:48] [TRACE]   [OmnipathR] Loaded data from RDS `/Users/jessie/Library/Caches/OmnipathR/02b93065ec28f8a0f5bdb349cf64ed6ba8cfa4d4-1.rds`.
[2021-07-01 21:58:48] [INFO]    [OmnipathR] Loaded from cache: `https://omnipathdb.org/interactions?genesymbols=yes&datasets=ligrecextra&organisms=10090&fields=sources,references,curation_effort&license=academic`
[2021-07-01 21:58:48] [SUCCESS] [OmnipathR] Loaded 4051 interactions from cache.
[2021-07-01 21:58:55] [TRACE]   [OmnipathR] Loaded data from RDS `/Users/jessie/Library/Caches/OmnipathR/02b93065ec28f8a0f5bdb349cf64ed6ba8cfa4d4-1.rds`.
[2021-07-01 21:58:55] [INFO]    [OmnipathR] Loaded from cache: `https://omnipathdb.org/interactions?genesymbols=yes&datasets=ligrecextra&organisms=10090&fields=sources,references,curation_effort&license=academic`
[2021-07-01 21:58:55] [SUCCESS] [OmnipathR] Loaded 4051 interactions from cache.
[2021-07-01 21:59:02] [TRACE]   [OmnipathR] Loaded data from RDS `/Users/jessie/Library/Caches/OmnipathR/02b93065ec28f8a0f5bdb349cf64ed6ba8cfa4d4-1.rds`.
[2021-07-01 21:59:02] [INFO]    [OmnipathR] Loaded from cache: `https://omnipathdb.org/interactions?genesymbols=yes&datasets=ligrecextra&organisms=10090&fields=sources,references,curation_effort&license=academic`
[2021-07-01 21:59:02] [SUCCESS] [OmnipathR] Loaded 4051 interactions from cache.
