[2025-11-22 08:23:07] [TRACE]   [OmnipathR] Reading JSON from `/Users/msbr/Library/Caches/OmnipathR/cache.json` (encoding: UTF-8).
[2025-11-22 08:23:07] [TRACE]   [OmnipathR] JSON validation successful: TRUE
[2025-11-22 08:23:07] [INFO]    [OmnipathR] Initialized cache: `/Users/msbr/Library/Caches/OmnipathR`.
[2025-11-22 08:23:07] [INFO]    [OmnipathR] Package `OmnipathR` packaged: 2025-04-15 22:31:40 UTC; biocbuild
[2025-11-22 08:23:07] [INFO]    [OmnipathR] Package `OmnipathR` date/publication: 2025-04-15
[2025-11-22 08:23:07] [INFO]    [OmnipathR] Package `OmnipathR` built: R 4.5.0; ; 2025-04-16 03:59:37 UTC; unix
[2025-11-22 08:23:07] [INFO]    [OmnipathR] Package `OmnipathR` version: 3.16.0
[2025-11-22 08:23:07] [INFO]    [OmnipathR] Package `OmnipathR` repository: Bioconductor 3.21
[2025-11-22 08:23:07] [INFO]    [OmnipathR] Session info: [version=R version 4.5.2 (2025-10-31); os=macOS Sonoma 14.6.1; system=aarch64, darwin20; ui=RStudio; language=(EN); collate=en_US.UTF-8; ctype=en_US.UTF-8; tz=America/New_York; date=2025-11-22; rstudio=2025.09.2+418 Cucumberleaf Sunflower (desktop); pandoc=3.8.2 @ /opt/homebrew/bin/ (via rmarkdown); quarto=1.7.32 @ /Applications/RStudio.app/Contents/Resources/app/quarto/bin/quarto]
[2025-11-22 08:23:13] [INFO]    [OmnipathR] External libraries: [cairo=1.17.6; cairoFT=; pango=1.50.14; png=1.6.44; jpeg=9.5; tiff=LIBTIFF, Version 4.5.0; tcl=8.6.13; curl=8.7.1; zlib=1.2.12; bzlib=1.0.8, 13-Jul-2019; xz=5.6.3; deflate=1.23; PCRE=10.44 2024-06-07; ICU=74.1; TRE=TRE 0.8.0 R_fixes (BSD); iconv=Apple or GNU libiconv 1.11 /Library/Frameworks/R.framework/Versions/4.5-arm64/Resources/lib/libR.dylib; readline=5.2; BLAS=/System/Library/Frameworks/Accelerate.framework/Versions/A/Frameworks/vecLib.framework/Versions/A/libBLAS.dylib; lapack=/Library/Frameworks/R.framework/Versions/4.5-arm64/Resources/lib/libRlapack.dylib; lapack_version=3.12.1]
[2025-11-22 08:23:13] [INFO]    [OmnipathR] Loaded packages: backports 1.5.0(2024-05-23); bit 4.6.0(2025-03-06); bit64 4.6.0-1(2025-01-16); blob 1.2.4(2023-03-17); cachem 1.1.0(2024-05-16); cellranger 1.1.0(2016-07-27); checkmate 2.3.2(2024-07-29); cli 3.6.5(2025-04-23); coda 0.19-4.1(2024-01-31); crayon 1.5.3(2024-06-20); curl 7.0.0(2025-08-19); DBI 1.2.3(2024-06-02); desc 1.4.3(2023-12-10); devtools 2.4.6(2025-10-03); digest 0.6.37(2024-08-19); dplyr 1.1.4(2023-11-17); ellipsis 0.3.2(2021-04-29); evaluate 1.0.5(2025-08-27); fastmap 1.2.0(2024-05-15); Formula 1.2-5(2023-02-24); fs 1.6.6(2025-04-12); generics 0.1.4(2025-05-09); glue 1.8.0(2024-09-30); hms 1.1.3(2023-03-21); htmltools 0.5.8.1(2024-04-04); httr 1.4.7(2023-08-15); httr2 1.1.2(2025-03-26); igraph 2.2.1(2025-10-27); jsonlite 2.0.0(2025-03-27); knitr 1.50(2025-03-16); later 1.4.4(2025-08-27); lattice 0.22-7(2025-04-02); lifecycle 1.0.4(2023-11-07); logger 0.4.0(2024-10-22); lubridate 1.9.4(2024-12-08); magrittr 2.0.4(2025-09-12); memoise 2.0.1(2021-11-26); NICHES 1.2.0(2025-11-01); OmnipathR 3.16.0(2025-04-15); pillar 1.11.1(2025-09-17); pkgbuild 1.4.8(2025-05-26); pkgconfig 2.0.3(2019-09-22); pkgdown 2.1.3(2025-05-25); pkgload 1.4.1(2025-09-23); prettyunits 1.2.0(2023-09-24); progress 1.2.3(2023-12-06); purrr 1.1.0(2025-07-10); R.methodsS3 1.8.2(2022-06-13); R.oo 1.27.1(2025-05-02); R.utils 2.13.0(2025-02-24); R6 2.6.1(2025-02-15); RANN 2.6.2(2024-08-25); rappdirs 0.3.3(2021-01-31); Rcpp 1.1.0(2025-07-02); readr 2.1.5(2024-01-10); readxl 1.4.5(2025-03-07); remotes 2.5.0(2024-03-17); rlang 1.1.6(2025-04-11); rmarkdown 2.30(2025-09-28); roxygen2 7.3.3(2025-09-03); rprojroot 2.1.1(2025-08-26); RSQLite 2.3.11(2025-05-04); rstudioapi 0.17.1(2024-10-22); rvest 1.0.4(2024-02-12); sessioninfo 1.2.3(2025-02-05); spNNGP 1.0.1(2024-09-23); stringi 1.8.7(2025-03-27); stringr 1.5.2(2025-09-08); tibble 3.3.0(2025-06-08); tidyr 1.3.1(2024-01-24); tidyselect 1.2.1(2024-03-11); timechange 0.3.0(2024-01-18); tzdb 0.5.0(2025-03-15); usethis 3.2.1(2025-09-06); vctrs 0.6.5(2023-12-01); withr 3.0.2(2024-10-28); xfun 0.54(2025-10-30); XML 3.99-0.18(2025-01-01); xml2 1.3.8(2025-03-14); yaml 2.3.10(2024-07-26); zip 2.3.3(2025-05-13)
[2025-11-22 08:23:13] [INFO]    [OmnipathR] CURL: version: 8.14.1; headers: 8.14.1; ssl_version: LibreSSL/3.3.6 (SecureTransport); libz_version: 1.2.12; libssh_version: NA; libidn_version: NA; host: aarch64-apple-darwin23.6.0; protocols: dict, file, ftp, ftps, gopher, gophers, http, https, imap, imaps, ldap, ldaps, mqtt, pop3, pop3s, rtsp, smb, smbs, smtp, smtps, telnet, tftp, ws, wss; ipv6: TRUE; http2: TRUE; idn: FALSE; url_parser: TRUE
[2025-11-22 08:23:13] [TRACE]   [OmnipathR] Reading JSON from `/Library/Frameworks/R.framework/Versions/4.5-arm64/Resources/library/OmnipathR/db/db_def.json` (encoding: UTF-8).
[2025-11-22 08:23:13] [TRACE]   [OmnipathR] JSON validation successful: TRUE
[2025-11-22 08:23:13] [TRACE]   [OmnipathR] Reading JSON from `/Library/Frameworks/R.framework/Versions/4.5-arm64/Resources/library/OmnipathR/internal/magic_bytes.json` (encoding: UTF-8).
[2025-11-22 08:23:13] [TRACE]   [OmnipathR] JSON validation successful: TRUE
[2025-11-22 08:23:13] [TRACE]   [OmnipathR] Reading JSON from `/Library/Frameworks/R.framework/Versions/4.5-arm64/Resources/library/OmnipathR/internal/urls.json` (encoding: UTF-8).
[2025-11-22 08:23:13] [TRACE]   [OmnipathR] JSON validation successful: TRUE
[2025-11-22 08:23:13] [TRACE]   [OmnipathR] Reading JSON from `/Library/Frameworks/R.framework/Versions/4.5-arm64/Resources/library/OmnipathR/internal/id_types.json` (encoding: UTF-8).
[2025-11-22 08:23:13] [TRACE]   [OmnipathR] JSON validation successful: TRUE
